fev. 24, 2026 4:30:58 PM liquibase.changelog
INFORMAÇÕES: Reading resource: db/changelog/migrations/db.changelog-202408191938.sql
fev. 24, 2026 4:30:59 PM liquibase.changelog
INFORMAÇÕES: Reading resource: db/changelog/migrations/db.changelog-202408210954.sql
fev. 24, 2026 4:30:59 PM liquibase.changelog
INFORMAÇÕES: Reading resource: db/changelog/migrations/db.changelog-202408211004.sql
fev. 24, 2026 4:30:59 PM liquibase.changelog
INFORMAÇÕES: Reading resource: db/changelog/migrations/db.changelog-202408211005.sql
fev. 24, 2026 4:30:59 PM liquibase.changelog
INFORMAÇÕES: Reading resource: db/changelog/migrations/db.changelog-202408281807.sql
fev. 24, 2026 4:30:59 PM liquibase.changelog
INFORMAÇÕES: Reading from board.databasechangelog
Database is up to date, no changesets to execute
fev. 24, 2026 4:30:59 PM liquibase.changelog
INFORMAÇÕES: Reading from board.databasechangelog

UPDATE SUMMARY
Run:                          0
Previously run:               5
Filtered out:                 0
-------------------------------
Total change sets:            5

fev. 24, 2026 4:30:59 PM liquibase.util
INFORMAÇÕES: UPDATE SUMMARY
fev. 24, 2026 4:30:59 PM liquibase.util
INFORMAÇÕES: Run:                          0
fev. 24, 2026 4:30:59 PM liquibase.util
INFORMAÇÕES: Previously run:               5
fev. 24, 2026 4:30:59 PM liquibase.util
INFORMAÇÕES: Filtered out:                 0
fev. 24, 2026 4:30:59 PM liquibase.util
INFORMAÇÕES: -------------------------------
fev. 24, 2026 4:30:59 PM liquibase.util
INFORMAÇÕES: Total change sets:            5
fev. 24, 2026 4:30:59 PM liquibase.util
INFORMAÇÕES: Update summary generated
fev. 24, 2026 4:30:59 PM liquibase.lockservice
INFORMAÇÕES: Successfully released change log lock
fev. 24, 2026 4:30:59 PM liquibase.command
INFORMAÇÕES: Command execution complete
